<?xml version="1.0" encoding="UTF-8" ?>
<testsuite tests="8" failures="0" name="com.sddevops.sonarqube_maven.eclipse.SongCollectionTest" time="0.001" errors="0" skipped="0">
  <properties>
[...]
</properties>
  <testcase classname="com.sddevops.sonarqube_maven.eclipse.SongCollectionTest" name="com.sddevops.sonarqube_maven.eclipse.SongCollectionTest.testSongCollection" time="0.001"/>
  <testcase classname="com.sddevops.sonarqube_maven.eclipse.SongCollectionTest" name="com.sddevops.sonarqube_maven.eclipse.SongCollectionTest.testSongCollectionInt" time="0"/>
  <testcase classname="com.sddevops.sonarqube_maven.eclipse.SongCollectionTest" name="com.sddevops.sonarqube_maven.eclipse.SongCollectionTest.testGetSongs" time="0"/>
  <testcase classname="com.sddevops.sonarqube_maven.eclipse.SongCollectionTest" name="com.sddevops.sonarqube_maven.eclipse.SongCollectionTest.testAddSong" time="0"/>
  <testcase classname="com.sddevops.sonarqube_maven.eclipse.SongCollectionTest" name="com.sddevops.sonarqube_maven.eclipse.SongCollectionTest.testSortSongsByTitle" time="0"/>
  <testcase classname="com.sddevops.sonarqube_maven.eclipse.SongCollectionTest" name="com.sddevops.sonarqube_maven.eclipse.SongCollectionTest.testSortSongsBySongLength" time="0"/>
  <testcase classname="com.sddevops.sonarqube_maven.eclipse.SongCollectionTest" name="com.sddevops.sonarqube_maven.eclipse.SongCollectionTest.testFindSongsById" time="0"/>
  <testcase classname="com.sddevops.sonarqube_maven.eclipse.SongCollectionTest" name="com.sddevops.sonarqube_maven.eclipse.SongCollectionTest.testFindSongByTitle" time="0"/>
</testsuite>